Logfile initialized
[INFO] logfile = /Users/dotnetCarpenter/Projects/Titanium Studio Workspace/Bugz/build.log
[DEBUG] /Users/dotnetCarpenter/Library/Application Support/Titanium/mobilesdk/osx/1.8.1/android/builder.py simulator Bugz /Users/dotnetCarpenter/src/android-sdk-macosx /Users/dotnetCarpenter/Projects/Titanium Studio Workspace/Bugz dk.napp.bugz 3 HVGA /127.0.0.1:52087
[INFO] Building Bugz for Android ... one moment
[INFO] Titanium SDK version: 1.8.1 (01/27/12 17:31 a24502a)
[DEBUG] Waiting for device to be ready ...
[TRACE] adb devices returned 1 devices/emulators
[DEBUG] Device connected... (waited 0 seconds)
[DEBUG] waited 0.058605 seconds on emulator to get ready
[DEBUG] dk.napp.bugz installed? True
[INFO] Fastdev server running, deploying in Fastdev mode
[INFO] Copying project resources..
[TRACE] COPYING MODIFIED FILE: /Users/dotnetCarpenter/Projects/Titanium Studio Workspace/Bugz/Resources/hasText.js => /Users/dotnetCarpenter/Projects/Titanium Studio Workspace/Bugz/build/android/bin/assets/Resources/hasText.js
[INFO] Tiapp.xml unchanged, skipping class generation
[DEBUG] Processing Android resource drawables
[DEBUG] found drawable-long-land-hdpi splash screen at /Users/dotnetCarpenter/Projects/Titanium Studio Workspace/Bugz/Resources/android/images/res-long-land-hdpi/default.png
[DEBUG] found drawable-long-land-ldpi splash screen at /Users/dotnetCarpenter/Projects/Titanium Studio Workspace/Bugz/Resources/android/images/res-long-land-ldpi/default.png
[DEBUG] found drawable-long-port-hdpi splash screen at /Users/dotnetCarpenter/Projects/Titanium Studio Workspace/Bugz/Resources/android/images/res-long-port-hdpi/default.png
[DEBUG] found drawable-long-port-ldpi splash screen at /Users/dotnetCarpenter/Projects/Titanium Studio Workspace/Bugz/Resources/android/images/res-long-port-ldpi/default.png
[DEBUG] found drawable-notlong-land-hdpi splash screen at /Users/dotnetCarpenter/Projects/Titanium Studio Workspace/Bugz/Resources/android/images/res-notlong-land-hdpi/default.png
[DEBUG] found drawable-notlong-land-ldpi splash screen at /Users/dotnetCarpenter/Projects/Titanium Studio Workspace/Bugz/Resources/android/images/res-notlong-land-ldpi/default.png
[DEBUG] found drawable-notlong-land-mdpi splash screen at /Users/dotnetCarpenter/Projects/Titanium Studio Workspace/Bugz/Resources/android/images/res-notlong-land-mdpi/default.png
[DEBUG] found drawable-notlong-port-hdpi splash screen at /Users/dotnetCarpenter/Projects/Titanium Studio Workspace/Bugz/Resources/android/images/res-notlong-port-hdpi/default.png
[DEBUG] found drawable-notlong-port-ldpi splash screen at /Users/dotnetCarpenter/Projects/Titanium Studio Workspace/Bugz/Resources/android/images/res-notlong-port-ldpi/default.png
[DEBUG] found drawable-notlong-port-mdpi splash screen at /Users/dotnetCarpenter/Projects/Titanium Studio Workspace/Bugz/Resources/android/images/res-notlong-port-mdpi/default.png
[INFO] Waiting for SDCard to become available..
[INFO] Re-launching application ... Bugz
[INFO] Launching application ... Bugz
[TRACE] Launch output: Starting: Intent { act=android.intent.action.MAIN cat=[android.intent.category.LAUNCHER] cmp=dk.napp.bugz/.BugzActivity }

[INFO] Forwarding host port 52087 to device for debugging.
[INFO] Android Emulator has exited
